c:\users\macab\desktop\graphicstemplate\debug\graphicstemplate.pch.codeanalysis
c:\users\macab\desktop\graphicstemplate\debug\vc120.pdb
c:\users\macab\desktop\graphicstemplate\debug\vc120.idb
c:\users\macab\desktop\graphicstemplate\debug\graphicstemplate.pch.codeanalysisast
c:\users\macab\desktop\graphicstemplate\debug\stdafx.nativecodeanalysis.xml
c:\users\macab\desktop\graphicstemplate\debug\stdafx.obj
c:\users\macab\desktop\graphicstemplate\debug\graphicstemplate.pch
c:\users\macab\desktop\graphicstemplate\debug\cmymatrix.nativecodeanalysis.xml
c:\users\macab\desktop\graphicstemplate\debug\crenderclass.nativecodeanalysis.xml
c:\users\macab\desktop\graphicstemplate\debug\graphicstemplate.nativecodeanalysis.xml
c:\users\macab\desktop\graphicstemplate\debug\vector.nativecodeanalysis.xml
c:\users\macab\desktop\graphicstemplate\debug\vector.obj
c:\users\macab\desktop\graphicstemplate\debug\graphicstemplate.obj
c:\users\macab\desktop\graphicstemplate\debug\crenderclass.obj
c:\users\macab\desktop\graphicstemplate\debug\cmymatrix.obj
c:\users\macab\downloads\graphics-libraries-git-master(1)\graphics-libraries-git-master\debug\graphicstemplate.pch
c:\users\macab\downloads\graphics-libraries-git-master(1)\graphics-libraries-git-master\debug\vc140.pdb
c:\users\macab\downloads\graphics-libraries-git-master(1)\graphics-libraries-git-master\debug\vc140.idb
c:\users\macab\downloads\graphics-libraries-git-master(1)\graphics-libraries-git-master\debug\stdafx.obj
c:\users\macab\downloads\graphics-libraries-git-master(1)\graphics-libraries-git-master\debug\cmymatrix.obj
c:\users\macab\downloads\graphics-libraries-git-master(1)\graphics-libraries-git-master\debug\crenderclass.obj
c:\users\macab\downloads\graphics-libraries-git-master(1)\graphics-libraries-git-master\debug\vector.obj
c:\users\macab\downloads\graphics-libraries-git-master(1)\graphics-libraries-git-master\debug\graphicstemplate.obj
c:\users\macab\desktop\graphicstemplate\debug\graphicstemplate.ilk
c:\users\macab\desktop\graphicstemplate\debug\graphicstemplate.exe
c:\users\macab\desktop\graphicstemplate\debug\graphicstemplate.pdb
c:\users\macab\downloads\graphics-libraries-git-master(1)\graphics-libraries-git-master\debug\graphicstemplate.ilk
c:\users\macab\downloads\graphics-libraries-git-master(1)\graphics-libraries-git-master\debug\graphicstemplate.exe
c:\users\macab\downloads\graphics-libraries-git-master(1)\graphics-libraries-git-master\debug\graphicstemplate.pdb
c:\users\macab\desktop\graphics-libraries-git-newest\debug\cmymatrix.obj
c:\users\macab\desktop\graphics-libraries-git-newest\debug\crenderclass.obj
c:\users\macab\desktop\graphics-libraries-git-newest\debug\graphicstemplate.obj
c:\users\macab\desktop\graphics-libraries-git-newest\debug\linealgorithms.obj
c:\users\macab\desktop\graphics-libraries-git-newest\debug\stdafx.obj
c:\users\macab\desktop\graphics-libraries-git-newest\debug\vector.obj
c:\users\macab\desktop\graphics-libraries-git-newest\debug\graphicstemplate.ilk
c:\users\macab\desktop\graphics-libraries-git-newest\debug\nativecodeanalysis.read.1.tlog
c:\users\macab\desktop\graphics-libraries-git-newest\debug\graphicstemplate.pch
c:\users\macab\desktop\graphics-libraries-git-newest\debug\vc120.idb
c:\users\macab\desktop\graphics-libraries-git-newest\debug\vc140.idb
c:\users\macab\desktop\graphics-libraries-git-newest\debug\graphicstemplate.pdb
c:\users\macab\desktop\graphics-libraries-git-newest\debug\vc120.pdb
c:\users\macab\desktop\graphics-libraries-git-newest\debug\vc140.pdb
c:\users\macab\desktop\graphics-libraries-git-newest\debug\cmymatrix.nativecodeanalysis.xml
c:\users\macab\desktop\graphics-libraries-git-newest\debug\crenderclass.nativecodeanalysis.xml
c:\users\macab\desktop\graphics-libraries-git-newest\debug\graphicstemplate.nativecodeanalysis.xml
c:\users\macab\desktop\graphics-libraries-git-newest\debug\stdafx.nativecodeanalysis.xml
c:\users\macab\desktop\graphics-libraries-git-newest\debug\vc.nativecodeanalysis.all.xml
c:\users\macab\desktop\graphics-libraries-git-newest\debug\vector.nativecodeanalysis.xml
c:\users\macab\desktop\graphics-libraries-git-newest\debug\graphicstemplate.exe
c:\users\macab\desktop\graphics-libraries-git-newest\debug\graphicstemplate.tlog\cl.command.1.tlog
c:\users\macab\desktop\graphics-libraries-git-newest\debug\graphicstemplate.tlog\cl.read.1.tlog
c:\users\macab\desktop\graphics-libraries-git-newest\debug\graphicstemplate.tlog\cl.write.1.tlog
c:\users\macab\desktop\graphics-libraries-git-newest\debug\graphicstemplate.tlog\link.command.1.tlog
c:\users\macab\desktop\graphics-libraries-git-newest\debug\graphicstemplate.tlog\link.read.1.tlog
c:\users\macab\desktop\graphics-libraries-git-newest\debug\graphicstemplate.tlog\link.write.1.tlog
